#
# There is insufficient memory for the Java Runtime Environment to continue.
# Native memory allocation (mmap) failed to map 322122547200 bytes for committing reserved memory.
# Possible reasons:
#   The system is out of physical RAM or swap space
# Possible solutions:
#   Reduce memory load on the system
#   Increase physical memory or swap space
#   Check if swap backing store is full
#   Decrease Java heap size (-Xmx/-Xms)
#   Decrease number of Java threads
#   Decrease Java thread stack sizes (-Xss)
#   Set larger code cache with -XX:ReservedCodeCacheSize=
# This output file may be truncated or incomplete.
#
#  Out of Memory Error (os_linux.cpp:3233), pid=24685, tid=24686
#
# JRE version:  (11.0.21+9) (build )
# Java VM: OpenJDK 64-Bit Server VM (11.0.21+9-post-Ubuntu-0ubuntu122.04, mixed mode, tiered, g1 gc, linux-amd64)
# Core dump will be written. Default location: Core dumps may be processed with "/usr/share/apport/apport -p%p -s%s -c%c -d%d -P%P -u%u -g%g -- %E" (or dumping to /home/wuyuechao/Desktop/github_resp/vcaslib/artifact/core.24685)
#

---------------  S U M M A R Y ------------

Command Line: -Xms300G -Xmx300G -Xbootclasspath/a:java/lib/scala-library.jar:java/lib/deuceAgent.jar java/build/experiments_instr.jar 1 10 5 BPBST -param-64 -ins30 -del20 -rq0 -rqsize0 -rqers0 -keys166666666 -prefill -file-java/build/data-trials1.csv

Host: 12th Gen Intel(R) Core(TM) i7-12700H, 2 cores, 1G, Ubuntu 22.04.3 LTS
Time: Sun Feb 18 11:40:56 2024 CST elapsed time: 0.006169 seconds (0d 0h 0m 0s)

---------------  T H R E A D  ---------------

Current thread (0x00007f2fd4015000):  JavaThread "Unknown thread" [_thread_in_vm, id=24686, stack(0x00007f2fdbf00000,0x00007f2fdc000000)]

Stack: [0x00007f2fdbf00000,0x00007f2fdc000000],  sp=0x00007f2fdbffe130,  free space=1016k
Native frames: (J=compiled Java code, A=aot compiled Java code, j=interpreted, Vv=VM code, C=native code)
V  [libjvm.so+0xeac54a]  VMError::report_and_die(int, char const*, char const*, __va_list_tag*, Thread*, unsigned char*, void*, void*, char const*, int, unsigned long)+0x19a
V  [libjvm.so+0xead2f1]  VMError::report_and_die(Thread*, char const*, int, unsigned long, VMErrorType, char const*, __va_list_tag*)+0x31
V  [libjvm.so+0x67ec4a]  report_vm_out_of_memory(char const*, int, unsigned long, VMErrorType, char const*, ...)+0xca
V  [libjvm.so+0xbf4be3]  os::pd_commit_memory_or_exit(char*, unsigned long, unsigned long, bool, char const*)+0xf3
V  [libjvm.so+0xbed831]  os::commit_memory_or_exit(char*, unsigned long, unsigned long, bool, char const*)+0x21
V  [libjvm.so+0x799105]  G1PageBasedVirtualSpace::commit_preferred_pages(unsigned long, unsigned long)+0x65
V  [libjvm.so+0x7994e8]  G1PageBasedVirtualSpace::commit(unsigned long, unsigned long)+0x1a8
V  [libjvm.so+0x7a4887]  G1RegionsLargerThanCommitSizeMapper::commit_regions(unsigned int, unsigned long, WorkGang*)+0x47
V  [libjvm.so+0x829d18]  HeapRegionManager::commit_regions(unsigned int, unsigned long, WorkGang*)+0x58
V  [libjvm.so+0x82a968]  HeapRegionManager::make_regions_available(unsigned int, unsigned int, WorkGang*)+0x38
V  [libjvm.so+0x82afb1]  HeapRegionManager::expand_by(unsigned int, WorkGang*)+0x71
V  [libjvm.so+0x752e0f]  G1CollectedHeap::expand(unsigned long, WorkGang*, double*)+0xdf
V  [libjvm.so+0x7534ed]  G1CollectedHeap::initialize()+0x66d
V  [libjvm.so+0xe67ef6]  Universe::initialize_heap()+0x36
V  [libjvm.so+0xe681aa]  universe_init()+0x4a
V  [libjvm.so+0x849eac]  init_globals()+0x5c
V  [libjvm.so+0xe3f752]  Threads::create_vm(JavaVMInitArgs*, bool*)+0x4b2
V  [libjvm.so+0x8f4005]  JNI_CreateJavaVM+0x55
C  [libjli.so+0x4d11]  JavaMain+0x91
C  [libjli.so+0x998d]  ThreadJavaMain+0xd


---------------  P R O C E S S  ---------------

Threads class SMR info:
_java_thread_list=0x0000563436d5fd60, length=0, elements={
}

Java Threads: ( => current thread )

Other Threads:
  0x00007f2fd4047800 GCTaskThread "GC Thread#0" [stack: 0x00007f2fda615000,0x00007f2fda715000] [id=24687]
  0x00007f2fd411f000 ConcurrentGCThread "G1 Main Marker" [stack: 0x00007f2fd9872000,0x00007f2fd9972000] [id=24688]
  0x00007f2fd4121000 ConcurrentGCThread "G1 Conc#0" [stack: 0x00007f2fd9771000,0x00007f2fd9871000] [id=24689]

[error occurred during error reporting (printing all threads), id 0xb, SIGSEGV (0xb) at pc=0x00007f2fdb370f54]

VM state:not at safepoint (not fully initialized)

VM Mutex/Monitor currently owned by a thread:  ([mutex/lock_event])
[0x00007f2fd4013b70] Heap_lock - owner thread: 0x00007f2fd4015000

GC Heap History (0 events):
No events

Deoptimization events (0 events):
No events

Classes redefined (0 events):
No events

Internal exceptions (0 events):
No events

Events (2 events):
Event: 0.001 Protecting memory [0x00007f2fdbf00000,0x00007f2fdbf04000] with protection modes 0
Event: 0.001 Loaded shared library /usr/lib/jvm/java-11-openjdk-amd64/lib/libzip.so


Dynamic libraries:
56343577c000-56343577d000 r--p 00000000 08:01 1338293                    /usr/lib/jvm/java-11-openjdk-amd64/bin/java
56343577d000-56343577e000 r-xp 00001000 08:01 1338293                    /usr/lib/jvm/java-11-openjdk-amd64/bin/java
56343577e000-56343577f000 r--p 00002000 08:01 1338293                    /usr/lib/jvm/java-11-openjdk-amd64/bin/java
56343577f000-563435780000 r--p 00002000 08:01 1338293                    /usr/lib/jvm/java-11-openjdk-amd64/bin/java
563435780000-563435781000 rw-p 00003000 08:01 1338293                    /usr/lib/jvm/java-11-openjdk-amd64/bin/java
563436d47000-563436d68000 rw-p 00000000 00:00 0                          [heap]
7ee1e0000000-7ee1e0021000 rw-p 00000000 00:00 0 
7ee1e0021000-7ee1e4000000 ---p 00000000 00:00 0 
7ee1e8000000-7ee1e8021000 rw-p 00000000 00:00 0 
7ee1e8021000-7ee1ec000000 ---p 00000000 00:00 0 
7ee1ed800000-7ee1ef800000 rw-p 00000000 00:00 0 
7ee1ef800000-7ee4b8000000 ---p 00000000 00:00 0 
7f2fb8000000-7f2fb8021000 rw-p 00000000 00:00 0 
7f2fb8021000-7f2fbc000000 ---p 00000000 00:00 0 
7f2fbc600000-7f2fbc870000 rwxp 00000000 00:00 0 
7f2fbc870000-7f2fbcb8f000 ---p 00000000 00:00 0 
7f2fbcb8f000-7f2fbcdff000 rwxp 00000000 00:00 0 
7f2fbcdff000-7f2fc40c7000 ---p 00000000 00:00 0 
7f2fc40c7000-7f2fc4337000 rwxp 00000000 00:00 0 
7f2fc4337000-7f2fcb600000 ---p 00000000 00:00 0 
7f2fcb600000-7f2fd3e22000 r--s 00000000 08:01 1338452                    /usr/lib/jvm/java-11-openjdk-amd64/lib/modules
7f2fd4000000-7f2fd4136000 rw-p 00000000 00:00 0 
7f2fd4136000-7f2fd8000000 ---p 00000000 00:00 0 
7f2fd91ba000-7f2fd9770000 rw-p 00000000 00:00 0 
7f2fd9770000-7f2fd9771000 ---p 00000000 00:00 0 
7f2fd9771000-7f2fd9871000 rw-p 00000000 00:00 0 
7f2fd9871000-7f2fd9872000 ---p 00000000 00:00 0 
7f2fd9872000-7f2fda614000 rw-p 00000000 00:00 0 
7f2fda614000-7f2fda615000 ---p 00000000 00:00 0 
7f2fda615000-7f2fda71a000 rw-p 00000000 00:00 0 
7f2fda71a000-7f2fda800000 ---p 00000000 00:00 0 
7f2fda800000-7f2fda89a000 r--p 00000000 08:01 406087                     /usr/lib/x86_64-linux-gnu/libstdc++.so.6.0.30
7f2fda89a000-7f2fda9ab000 r-xp 0009a000 08:01 406087                     /usr/lib/x86_64-linux-gnu/libstdc++.so.6.0.30
7f2fda9ab000-7f2fdaa1a000 r--p 001ab000 08:01 406087                     /usr/lib/x86_64-linux-gnu/libstdc++.so.6.0.30
7f2fdaa1a000-7f2fdaa1b000 ---p 0021a000 08:01 406087                     /usr/lib/x86_64-linux-gnu/libstdc++.so.6.0.30
7f2fdaa1b000-7f2fdaa26000 r--p 0021a000 08:01 406087                     /usr/lib/x86_64-linux-gnu/libstdc++.so.6.0.30
7f2fdaa26000-7f2fdaa29000 rw-p 00225000 08:01 406087                     /usr/lib/x86_64-linux-gnu/libstdc++.so.6.0.30
7f2fdaa29000-7f2fdaa2c000 rw-p 00000000 00:00 0 
7f2fdaa98000-7f2fdaa9d000 rw-p 00000000 00:00 0 
7f2fdaa9d000-7f2fdab83000 ---p 00000000 00:00 0 
7f2fdab83000-7f2fdac00000 r--s 007f2000 08:01 1839214                    /home/wuyuechao/Desktop/github_resp/vcaslib/artifact/java/lib/scala-library.jar
7f2fdac00000-7f2fdae82000 r--p 00000000 08:01 1338457                    /usr/lib/jvm/java-11-openjdk-amd64/lib/server/libjvm.so
7f2fdae82000-7f2fdbb1f000 r-xp 00282000 08:01 1338457                    /usr/lib/jvm/java-11-openjdk-amd64/lib/server/libjvm.so
7f2fdbb1f000-7f2fdbd7a000 r--p 00f1f000 08:01 1338457                    /usr/lib/jvm/java-11-openjdk-amd64/lib/server/libjvm.so
7f2fdbd7a000-7f2fdbd7b000 ---p 0117a000 08:01 1338457                    /usr/lib/jvm/java-11-openjdk-amd64/lib/server/libjvm.so
7f2fdbd7b000-7f2fdbe3f000 r--p 0117a000 08:01 1338457                    /usr/lib/jvm/java-11-openjdk-amd64/lib/server/libjvm.so
7f2fdbe3f000-7f2fdbe7a000 rw-p 0123e000 08:01 1338457                    /usr/lib/jvm/java-11-openjdk-amd64/lib/server/libjvm.so
7f2fdbe7a000-7f2fdbed1000 rw-p 00000000 00:00 0 
7f2fdbee9000-7f2fdbeee000 rw-p 00000000 00:00 0 
7f2fdbeee000-7f2fdbef5000 ---p 00000000 00:00 0 
7f2fdbef5000-7f2fdbef7000 r--p 00000000 08:01 1338451                    /usr/lib/jvm/java-11-openjdk-amd64/lib/libzip.so
7f2fdbef7000-7f2fdbefc000 r-xp 00002000 08:01 1338451                    /usr/lib/jvm/java-11-openjdk-amd64/lib/libzip.so
7f2fdbefc000-7f2fdbefe000 r--p 00007000 08:01 1338451                    /usr/lib/jvm/java-11-openjdk-amd64/lib/libzip.so
7f2fdbefe000-7f2fdbeff000 r--p 00008000 08:01 1338451                    /usr/lib/jvm/java-11-openjdk-amd64/lib/libzip.so
7f2fdbeff000-7f2fdbf00000 rw-p 00009000 08:01 1338451                    /usr/lib/jvm/java-11-openjdk-amd64/lib/libzip.so
7f2fdbf00000-7f2fdbf04000 ---p 00000000 00:00 0 
7f2fdbf04000-7f2fdc000000 rw-p 00000000 00:00 0 
7f2fdc000000-7f2fdc028000 r--p 00000000 08:01 406821                     /usr/lib/x86_64-linux-gnu/libc.so.6
7f2fdc028000-7f2fdc1bd000 r-xp 00028000 08:01 406821                     /usr/lib/x86_64-linux-gnu/libc.so.6
7f2fdc1bd000-7f2fdc215000 r--p 001bd000 08:01 406821                     /usr/lib/x86_64-linux-gnu/libc.so.6
7f2fdc215000-7f2fdc216000 ---p 00215000 08:01 406821                     /usr/lib/x86_64-linux-gnu/libc.so.6
7f2fdc216000-7f2fdc21a000 r--p 00215000 08:01 406821                     /usr/lib/x86_64-linux-gnu/libc.so.6
7f2fdc21a000-7f2fdc21c000 rw-p 00219000 08:01 406821                     /usr/lib/x86_64-linux-gnu/libc.so.6
7f2fdc21c000-7f2fdc229000 rw-p 00000000 00:00 0 
7f2fdc22c000-7f2fdc234000 rw-s 00000000 08:01 1313679                    /tmp/hsperfdata_wuyuechao/24685
7f2fdc234000-7f2fdc236000 r--p 00000000 08:01 1338434                    /usr/lib/jvm/java-11-openjdk-amd64/lib/libjimage.so
7f2fdc236000-7f2fdc239000 r-xp 00002000 08:01 1338434                    /usr/lib/jvm/java-11-openjdk-amd64/lib/libjimage.so
7f2fdc239000-7f2fdc23a000 r--p 00005000 08:01 1338434                    /usr/lib/jvm/java-11-openjdk-amd64/lib/libjimage.so
7f2fdc23a000-7f2fdc23b000 ---p 00006000 08:01 1338434                    /usr/lib/jvm/java-11-openjdk-amd64/lib/libjimage.so
7f2fdc23b000-7f2fdc23c000 r--p 00006000 08:01 1338434                    /usr/lib/jvm/java-11-openjdk-amd64/lib/libjimage.so
7f2fdc23c000-7f2fdc23d000 rw-p 00007000 08:01 1338434                    /usr/lib/jvm/java-11-openjdk-amd64/lib/libjimage.so
7f2fdc23d000-7f2fdc24b000 r--p 00000000 08:01 1338431                    /usr/lib/jvm/java-11-openjdk-amd64/lib/libjava.so
7f2fdc24b000-7f2fdc261000 r-xp 0000e000 08:01 1338431                    /usr/lib/jvm/java-11-openjdk-amd64/lib/libjava.so
7f2fdc261000-7f2fdc268000 r--p 00024000 08:01 1338431                    /usr/lib/jvm/java-11-openjdk-amd64/lib/libjava.so
7f2fdc268000-7f2fdc269000 r--p 0002a000 08:01 1338431                    /usr/lib/jvm/java-11-openjdk-amd64/lib/libjava.so
7f2fdc269000-7f2fdc26a000 rw-p 0002b000 08:01 1338431                    /usr/lib/jvm/java-11-openjdk-amd64/lib/libjava.so
7f2fdc26a000-7f2fdc26b000 rw-p 00000000 00:00 0 
7f2fdc26b000-7f2fdc26c000 r--p 00000000 08:01 406835                     /usr/lib/x86_64-linux-gnu/librt.so.1
7f2fdc26c000-7f2fdc26d000 r-xp 00001000 08:01 406835                     /usr/lib/x86_64-linux-gnu/librt.so.1
7f2fdc26d000-7f2fdc26e000 r--p 00002000 08:01 406835                     /usr/lib/x86_64-linux-gnu/librt.so.1
7f2fdc26e000-7f2fdc26f000 r--p 00002000 08:01 406835                     /usr/lib/x86_64-linux-gnu/librt.so.1
7f2fdc26f000-7f2fdc270000 rw-p 00003000 08:01 406835                     /usr/lib/x86_64-linux-gnu/librt.so.1
7f2fdc270000-7f2fdc273000 r--p 00000000 08:01 405686                     /usr/lib/x86_64-linux-gnu/libgcc_s.so.1
7f2fdc273000-7f2fdc28a000 r-xp 00003000 08:01 405686                     /usr/lib/x86_64-linux-gnu/libgcc_s.so.1
7f2fdc28a000-7f2fdc28e000 r--p 0001a000 08:01 405686                     /usr/lib/x86_64-linux-gnu/libgcc_s.so.1
7f2fdc28e000-7f2fdc28f000 r--p 0001d000 08:01 405686                     /usr/lib/x86_64-linux-gnu/libgcc_s.so.1
7f2fdc28f000-7f2fdc290000 rw-p 0001e000 08:01 405686                     /usr/lib/x86_64-linux-gnu/libgcc_s.so.1
7f2fdc290000-7f2fdc29e000 r--p 00000000 08:01 406824                     /usr/lib/x86_64-linux-gnu/libm.so.6
7f2fdc29e000-7f2fdc31a000 r-xp 0000e000 08:01 406824                     /usr/lib/x86_64-linux-gnu/libm.so.6
7f2fdc31a000-7f2fdc375000 r--p 0008a000 08:01 406824                     /usr/lib/x86_64-linux-gnu/libm.so.6
7f2fdc375000-7f2fdc376000 r--p 000e4000 08:01 406824                     /usr/lib/x86_64-linux-gnu/libm.so.6
7f2fdc376000-7f2fdc377000 rw-p 000e5000 08:01 406824                     /usr/lib/x86_64-linux-gnu/libm.so.6
7f2fdc377000-7f2fdc37a000 rw-p 00000000 00:00 0 
7f2fdc37a000-7f2fdc37d000 r--p 00000000 08:01 1338416                    /usr/lib/jvm/java-11-openjdk-amd64/lib/jli/libjli.so
7f2fdc37d000-7f2fdc387000 r-xp 00003000 08:01 1338416                    /usr/lib/jvm/java-11-openjdk-amd64/lib/jli/libjli.so
7f2fdc387000-7f2fdc38a000 r--p 0000d000 08:01 1338416                    /usr/lib/jvm/java-11-openjdk-amd64/lib/jli/libjli.so
7f2fdc38a000-7f2fdc38b000 ---p 00010000 08:01 1338416                    /usr/lib/jvm/java-11-openjdk-amd64/lib/jli/libjli.so
7f2fdc38b000-7f2fdc38c000 r--p 00010000 08:01 1338416                    /usr/lib/jvm/java-11-openjdk-amd64/lib/jli/libjli.so
7f2fdc38c000-7f2fdc38d000 rw-p 00011000 08:01 1338416                    /usr/lib/jvm/java-11-openjdk-amd64/lib/jli/libjli.so
7f2fdc38d000-7f2fdc38f000 r--p 00000000 08:01 406225                     /usr/lib/x86_64-linux-gnu/libz.so.1.2.11
7f2fdc38f000-7f2fdc3a0000 r-xp 00002000 08:01 406225                     /usr/lib/x86_64-linux-gnu/libz.so.1.2.11
7f2fdc3a0000-7f2fdc3a6000 r--p 00013000 08:01 406225                     /usr/lib/x86_64-linux-gnu/libz.so.1.2.11
7f2fdc3a6000-7f2fdc3a7000 ---p 00019000 08:01 406225                     /usr/lib/x86_64-linux-gnu/libz.so.1.2.11
7f2fdc3a7000-7f2fdc3a8000 r--p 00019000 08:01 406225                     /usr/lib/x86_64-linux-gnu/libz.so.1.2.11
7f2fdc3a8000-7f2fdc3a9000 rw-p 0001a000 08:01 406225                     /usr/lib/x86_64-linux-gnu/libz.so.1.2.11
7f2fdc3aa000-7f2fdc3af000 r--s 0002f000 08:01 1839213                    /home/wuyuechao/Desktop/github_resp/vcaslib/artifact/java/lib/deuceAgent.jar
7f2fdc3af000-7f2fdc3b0000 ---p 00000000 00:00 0 
7f2fdc3b0000-7f2fdc3b1000 r--p 00000000 00:00 0 
7f2fdc3b1000-7f2fdc3b6000 r--p 00000000 08:01 1338450                    /usr/lib/jvm/java-11-openjdk-amd64/lib/libverify.so
7f2fdc3b6000-7f2fdc3bd000 r-xp 00005000 08:01 1338450                    /usr/lib/jvm/java-11-openjdk-amd64/lib/libverify.so
7f2fdc3bd000-7f2fdc3bf000 r--p 0000c000 08:01 1338450                    /usr/lib/jvm/java-11-openjdk-amd64/lib/libverify.so
7f2fdc3bf000-7f2fdc3c1000 r--p 0000d000 08:01 1338450                    /usr/lib/jvm/java-11-openjdk-amd64/lib/libverify.so
7f2fdc3c1000-7f2fdc3c2000 rw-p 0000f000 08:01 1338450                    /usr/lib/jvm/java-11-openjdk-amd64/lib/libverify.so
7f2fdc3c2000-7f2fdc3c4000 rw-p 00000000 00:00 0 
7f2fdc3c4000-7f2fdc3c6000 r--p 00000000 08:01 406797                     /usr/lib/x86_64-linux-gnu/ld-linux-x86-64.so.2
7f2fdc3c6000-7f2fdc3f0000 r-xp 00002000 08:01 406797                     /usr/lib/x86_64-linux-gnu/ld-linux-x86-64.so.2
7f2fdc3f0000-7f2fdc3fb000 r--p 0002c000 08:01 406797                     /usr/lib/x86_64-linux-gnu/ld-linux-x86-64.so.2
7f2fdc3fc000-7f2fdc3fe000 r--p 00037000 08:01 406797                     /usr/lib/x86_64-linux-gnu/ld-linux-x86-64.so.2
7f2fdc3fe000-7f2fdc400000 rw-p 00039000 08:01 406797                     /usr/lib/x86_64-linux-gnu/ld-linux-x86-64.so.2
7ffc50041000-7ffc50062000 rw-p 00000000 00:00 0                          [stack]
7ffc50151000-7ffc50155000 r--p 00000000 00:00 0                          [vvar]
7ffc50155000-7ffc50157000 r-xp 00000000 00:00 0                          [vdso]
ffffffffff600000-ffffffffff601000 --xp 00000000 00:00 0                  [vsyscall]


VM Arguments:
jvm_args: -Xms300G -Xmx300G -Xbootclasspath/a:java/lib/scala-library.jar:java/lib/deuceAgent.jar 
java_command: java/build/experiments_instr.jar 1 10 5 BPBST -param-64 -ins30 -del20 -rq0 -rqsize0 -rqers0 -keys166666666 -prefill -file-java/build/data-trials1.csv
java_class_path (initial): java/build/experiments_instr.jar
Launcher Type: SUN_STANDARD

[Global flags]
     intx CICompilerCount                          = 2                                         {product} {ergonomic}
     uint ConcGCThreads                            = 1                                         {product} {ergonomic}
     uint G1ConcRefinementThreads                  = 2                                         {product} {ergonomic}
   size_t G1HeapRegionSize                         = 33554432                                  {product} {ergonomic}
    uintx GCDrainStackTargetSize                   = 64                                        {product} {ergonomic}
   size_t InitialHeapSize                          = 322122547200                              {product} {command line}
   size_t MarkStackSize                            = 4194304                                   {product} {ergonomic}
   size_t MaxHeapSize                              = 322122547200                              {product} {command line}
   size_t MinHeapDeltaBytes                        = 33554432                                  {product} {ergonomic}
    uintx NonNMethodCodeHeapSize                   = 5825164                                {pd product} {ergonomic}
    uintx NonProfiledCodeHeapSize                  = 122916538                              {pd product} {ergonomic}
    uintx ProfiledCodeHeapSize                     = 122916538                              {pd product} {ergonomic}
    uintx ReservedCodeCacheSize                    = 251658240                              {pd product} {ergonomic}
     bool SegmentedCodeCache                       = true                                      {product} {ergonomic}
     bool UseG1GC                                  = true                                      {product} {ergonomic}

Logging:
Log output configuration:
 #0: stdout all=warning uptime,level,tags
 #1: stderr all=off uptime,level,tags

Environment Variables:
PATH=/usr/local/sbin:/usr/local/bin:/usr/sbin:/usr/bin:/sbin:/bin:/usr/games:/usr/local/games:/snap/bin
SHELL=/bin/bash
DISPLAY=:0
LANG=zh_CN.UTF-8
LC_NUMERIC=zh_CN.UTF-8
LC_TIME=zh_CN.UTF-8
TERM=xterm-256color

Signal Handlers:
SIGSEGV: [libjvm.so+0xead350], sa_mask[0]=11111111011111111101111111111110, sa_flags=SA_RESTART|SA_SIGINFO
SIGBUS: [libjvm.so+0xead350], sa_mask[0]=11111111011111111101111111111110, sa_flags=SA_RESTART|SA_SIGINFO
SIGFPE: [libjvm.so+0xead350], sa_mask[0]=11111111011111111101111111111110, sa_flags=SA_RESTART|SA_SIGINFO
SIGPIPE: [libjvm.so+0xbef750], sa_mask[0]=11111111011111111101111111111110, sa_flags=SA_RESTART|SA_SIGINFO
SIGXFSZ: [libjvm.so+0xbef750], sa_mask[0]=11111111011111111101111111111110, sa_flags=SA_RESTART|SA_SIGINFO
SIGILL: [libjvm.so+0xead350], sa_mask[0]=11111111011111111101111111111110, sa_flags=SA_RESTART|SA_SIGINFO
SIGUSR2: [libjvm.so+0xbef5f0], sa_mask[0]=00000000000000000000000000000000, sa_flags=SA_RESTART|SA_SIGINFO
SIGHUP: SIG_DFL, sa_mask[0]=00000000000000000000000000000000, sa_flags=none
SIGINT: SIG_DFL, sa_mask[0]=00000000000000000000000000000000, sa_flags=none
SIGTERM: SIG_DFL, sa_mask[0]=00000000000000000000000000000000, sa_flags=none
SIGQUIT: SIG_DFL, sa_mask[0]=00000000000000000000000000000000, sa_flags=none


---------------  S Y S T E M  ---------------

OS:DISTRIB_ID=Ubuntu
DISTRIB_RELEASE=22.04
DISTRIB_CODENAME=jammy
DISTRIB_DESCRIPTION="Ubuntu 22.04.3 LTS"
uname:Linux 6.5.0-17-generic #17~22.04.1-Ubuntu SMP PREEMPT_DYNAMIC Tue Jan 16 14:32:32 UTC 2 x86_64
OS uptime: 0 days 3:08 hours
libc:glibc 2.35 NPTL 2.35 
rlimit (soft/hard): STACK 8192k/infinity , CORE 0k/infinity , NPROC 7302/7302 , NOFILE 1048576/1048576 , AS infinity/infinity , CPU infinity/infinity , DATA infinity/infinity , FSIZE infinity/infinity , MEMLOCK 250748k/250748k
load average:0.30 0.75 1.04

/proc/meminfo:
MemTotal:        2006008 kB
MemFree:          463588 kB
MemAvailable:    1444188 kB
Buffers:           68444 kB
Cached:          1007052 kB
SwapCached:        27544 kB
Active:           589080 kB
Inactive:         743280 kB
Active(anon):     185988 kB
Inactive(anon):    81108 kB
Active(file):     403092 kB
Inactive(file):   662172 kB
Unevictable:           0 kB
Mlocked:               0 kB
SwapTotal:        524284 kB
SwapFree:         374464 kB
Zswap:                 0 kB
Zswapped:              0 kB
Dirty:               288 kB
Writeback:             0 kB
AnonPages:        246480 kB
Mapped:           204844 kB
Shmem:             10232 kB
KReclaimable:      92916 kB
Slab:             164520 kB
SReclaimable:      92916 kB
SUnreclaim:        71604 kB
KernelStack:        4568 kB
PageTables:        10420 kB
SecPageTables:         0 kB
NFS_Unstable:          0 kB
Bounce:                0 kB
WritebackTmp:          0 kB
CommitLimit:     1527288 kB
Committed_AS:    1963964 kB
VmallocTotal:   34359738367 kB
VmallocUsed:       23940 kB
VmallocChunk:          0 kB
Percpu:             1152 kB
HardwareCorrupted:     0 kB
AnonHugePages:         0 kB
ShmemHugePages:        0 kB
ShmemPmdMapped:        0 kB
FileHugePages:         0 kB
FilePmdMapped:         0 kB
Unaccepted:            0 kB
HugePages_Total:       0
HugePages_Free:        0
HugePages_Rsvd:        0
HugePages_Surp:        0
Hugepagesize:       2048 kB
Hugetlb:               0 kB
DirectMap4k:      163776 kB
DirectMap2M:     1933312 kB

/sys/kernel/mm/transparent_hugepage/enabled:
always [madvise] never
/sys/kernel/mm/transparent_hugepage/defrag (defrag/compaction efforts parameter):
always defer defer+madvise [madvise] never

Process Memory:
Virtual Size: 12404912K (peak: 327004632K)
Resident Set Size: 29568K (peak: 29568K) (anon: 15872K, file: 13696K, shmem: 0K)
Swapped out: 0K
C-Heap outstanding allocations: 18858K, retained: 441K
glibc malloc tunables: (default)

/proc/sys/kernel/threads-max (system-wide limit on the number of threads):
14604
/proc/sys/vm/max_map_count (maximum number of memory map areas a process may have):
65530
/proc/sys/kernel/pid_max (system-wide limit on number of process identifiers):
4194304

container (cgroup) information:
container_type: cgroupv2
cpu_cpuset_cpus: not supported
cpu_memory_nodes: not supported
active_processor_count: 2
cpu_quota: not supported
cpu_period: not supported
cpu_shares: not supported
memory_limit_in_bytes: unlimited
memory_and_swap_limit_in_bytes: unlimited
memory_soft_limit_in_bytes: unlimited
memory_usage_in_bytes: 483040 k
memory_max_usage_in_bytes: not supported
memory_swap_current_in_bytes: 100024 k
memory_swap_max_limit_in_bytes: unlimited
maximum number of tasks: unlimited
current number of tasks: 95

KVM virtualization detected
Steal ticks since vm start: 0
Steal ticks percentage since vm start:  0.000

CPU:total 2 (initial active 2) (2 cores per cpu, 1 threads per core) family 6 model 154 stepping 3 microcode 0x0, cmov, cx8, fxsr, mmx, sse, sse2, sse3, ssse3, sse4.1, sse4.2, popcnt, avx, avx2, aes, clmul, 3dnowpref, lzcnt, tsc, tscinvbit, bmi1, bmi2
CPU Model and flags from /proc/cpuinfo:
model name	: 12th Gen Intel(R) Core(TM) i7-12700H
flags		: fpu vme de pse tsc msr pae mce cx8 apic sep mtrr pge mca cmov pat pse36 clflush mmx fxsr sse sse2 ht syscall nx rdtscp lm constant_tsc rep_good nopl xtopology nonstop_tsc cpuid tsc_known_freq pni pclmulqdq ssse3 cx16 sse4_1 sse4_2 x2apic movbe popcnt aes xsave avx rdrand hypervisor lahf_lm abm 3dnowprefetch fsgsbase bmi1 avx2 bmi2 invpcid rdseed clflushopt md_clear flush_l1d arch_capabilities
Online cpus:
0-1
Offline cpus:

BIOS frequency limitation:
<Not Available>
Frequency switch latency (ns):
<Not Available>
Available cpu frequencies:
<Not Available>
Current governor:
<Not Available>
Core performance/turbo boost:
<Not Available>

Memory: 4k page, physical 2006008k(463588k free), swap 524284k(374464k free)

vm_info: OpenJDK 64-Bit Server VM (11.0.21+9-post-Ubuntu-0ubuntu122.04) for linux-amd64 JRE (11.0.21+9-post-Ubuntu-0ubuntu122.04), built on Oct 19 2023 08:41:03 by "unknown" with gcc 11.4.0

END.
