#
# There is insufficient memory for the Java Runtime Environment to continue.
# Native memory allocation (mmap) failed to map 322122547200 bytes for committing reserved memory.
# Possible reasons:
#   The system is out of physical RAM or swap space
# Possible solutions:
#   Reduce memory load on the system
#   Increase physical memory or swap space
#   Check if swap backing store is full
#   Decrease Java heap size (-Xmx/-Xms)
#   Decrease number of Java threads
#   Decrease Java thread stack sizes (-Xss)
#   Set larger code cache with -XX:ReservedCodeCacheSize=
# This output file may be truncated or incomplete.
#
#  Out of Memory Error (os_linux.cpp:3233), pid=24709, tid=24710
#
# JRE version:  (11.0.21+9) (build )
# Java VM: OpenJDK 64-Bit Server VM (11.0.21+9-post-Ubuntu-0ubuntu122.04, mixed mode, tiered, g1 gc, linux-amd64)
# Core dump will be written. Default location: Core dumps may be processed with "/usr/share/apport/apport -p%p -s%s -c%c -d%d -P%P -u%u -g%g -- %E" (or dumping to /home/wuyuechao/Desktop/github_resp/vcaslib/artifact/core.24709)
#

---------------  S U M M A R Y ------------

Command Line: -Xms300G -Xmx300G -Xbootclasspath/a:java/lib/scala-library.jar:java/lib/deuceAgent.jar java/build/experiments_instr.jar 72 10 5 BPBST -param-64 -ins50 -del50 -rq0 -rqsize8 -rqers36 -keys200000 -prefill -file-java/build/data-trials1.csv

Host: 12th Gen Intel(R) Core(TM) i7-12700H, 2 cores, 1G, Ubuntu 22.04.3 LTS
Time: Sun Feb 18 11:40:56 2024 CST elapsed time: 0.006010 seconds (0d 0h 0m 0s)

---------------  T H R E A D  ---------------

Current thread (0x00007f842c015000):  JavaThread "Unknown thread" [_thread_in_vm, id=24710, stack(0x00007f8434300000,0x00007f8434400000)]

Stack: [0x00007f8434300000,0x00007f8434400000],  sp=0x00007f84343fe130,  free space=1016k
Native frames: (J=compiled Java code, A=aot compiled Java code, j=interpreted, Vv=VM code, C=native code)
V  [libjvm.so+0xeac54a]  VMError::report_and_die(int, char const*, char const*, __va_list_tag*, Thread*, unsigned char*, void*, void*, char const*, int, unsigned long)+0x19a
V  [libjvm.so+0xead2f1]  VMError::report_and_die(Thread*, char const*, int, unsigned long, VMErrorType, char const*, __va_list_tag*)+0x31
V  [libjvm.so+0x67ec4a]  report_vm_out_of_memory(char const*, int, unsigned long, VMErrorType, char const*, ...)+0xca
V  [libjvm.so+0xbf4be3]  os::pd_commit_memory_or_exit(char*, unsigned long, unsigned long, bool, char const*)+0xf3
V  [libjvm.so+0xbed831]  os::commit_memory_or_exit(char*, unsigned long, unsigned long, bool, char const*)+0x21
V  [libjvm.so+0x799105]  G1PageBasedVirtualSpace::commit_preferred_pages(unsigned long, unsigned long)+0x65
V  [libjvm.so+0x7994e8]  G1PageBasedVirtualSpace::commit(unsigned long, unsigned long)+0x1a8
V  [libjvm.so+0x7a4887]  G1RegionsLargerThanCommitSizeMapper::commit_regions(unsigned int, unsigned long, WorkGang*)+0x47
V  [libjvm.so+0x829d18]  HeapRegionManager::commit_regions(unsigned int, unsigned long, WorkGang*)+0x58
V  [libjvm.so+0x82a968]  HeapRegionManager::make_regions_available(unsigned int, unsigned int, WorkGang*)+0x38
V  [libjvm.so+0x82afb1]  HeapRegionManager::expand_by(unsigned int, WorkGang*)+0x71
V  [libjvm.so+0x752e0f]  G1CollectedHeap::expand(unsigned long, WorkGang*, double*)+0xdf
V  [libjvm.so+0x7534ed]  G1CollectedHeap::initialize()+0x66d
V  [libjvm.so+0xe67ef6]  Universe::initialize_heap()+0x36
V  [libjvm.so+0xe681aa]  universe_init()+0x4a
V  [libjvm.so+0x849eac]  init_globals()+0x5c
V  [libjvm.so+0xe3f752]  Threads::create_vm(JavaVMInitArgs*, bool*)+0x4b2
V  [libjvm.so+0x8f4005]  JNI_CreateJavaVM+0x55
C  [libjli.so+0x4d11]  JavaMain+0x91
C  [libjli.so+0x998d]  ThreadJavaMain+0xd


---------------  P R O C E S S  ---------------

Threads class SMR info:
_java_thread_list=0x00005561e2d85d60, length=0, elements={
}

Java Threads: ( => current thread )

Other Threads:
  0x00007f842c047800 GCTaskThread "GC Thread#0" [stack: 0x00007f8432a15000,0x00007f8432b15000] [id=24711]
  0x00007f842c11f000 ConcurrentGCThread "G1 Main Marker" [stack: 0x00007f8431c72000,0x00007f8431d72000] [id=24712]
  0x00007f842c121000 ConcurrentGCThread "G1 Conc#0" [stack: 0x00007f8431b71000,0x00007f8431c71000] [id=24713]

[error occurred during error reporting (printing all threads), id 0xb, SIGSEGV (0xb) at pc=0x00007f8433770f54]

VM state:not at safepoint (not fully initialized)

VM Mutex/Monitor currently owned by a thread:  ([mutex/lock_event])
[0x00007f842c013b70] Heap_lock - owner thread: 0x00007f842c015000

GC Heap History (0 events):
No events

Deoptimization events (0 events):
No events

Classes redefined (0 events):
No events

Internal exceptions (0 events):
No events

Events (2 events):
Event: 0.001 Protecting memory [0x00007f8434300000,0x00007f8434304000] with protection modes 0
Event: 0.001 Loaded shared library /usr/lib/jvm/java-11-openjdk-amd64/lib/libzip.so


Dynamic libraries:
5561e26a3000-5561e26a4000 r--p 00000000 08:01 1338293                    /usr/lib/jvm/java-11-openjdk-amd64/bin/java
5561e26a4000-5561e26a5000 r-xp 00001000 08:01 1338293                    /usr/lib/jvm/java-11-openjdk-amd64/bin/java
5561e26a5000-5561e26a6000 r--p 00002000 08:01 1338293                    /usr/lib/jvm/java-11-openjdk-amd64/bin/java
5561e26a6000-5561e26a7000 r--p 00002000 08:01 1338293                    /usr/lib/jvm/java-11-openjdk-amd64/bin/java
5561e26a7000-5561e26a8000 rw-p 00003000 08:01 1338293                    /usr/lib/jvm/java-11-openjdk-amd64/bin/java
5561e2d6d000-5561e2d8e000 rw-p 00000000 00:00 0                          [heap]
7f3638000000-7f3638021000 rw-p 00000000 00:00 0 
7f3638021000-7f363c000000 ---p 00000000 00:00 0 
7f3640000000-7f3640021000 rw-p 00000000 00:00 0 
7f3640021000-7f3644000000 ---p 00000000 00:00 0 
7f3645800000-7f3647800000 rw-p 00000000 00:00 0 
7f3647800000-7f3910000000 ---p 00000000 00:00 0 
7f8410000000-7f8410021000 rw-p 00000000 00:00 0 
7f8410021000-7f8414000000 ---p 00000000 00:00 0 
7f8414600000-7f8414870000 rwxp 00000000 00:00 0 
7f8414870000-7f8414b8f000 ---p 00000000 00:00 0 
7f8414b8f000-7f8414dff000 rwxp 00000000 00:00 0 
7f8414dff000-7f841c0c7000 ---p 00000000 00:00 0 
7f841c0c7000-7f841c337000 rwxp 00000000 00:00 0 
7f841c337000-7f8423600000 ---p 00000000 00:00 0 
7f8423600000-7f842be22000 r--s 00000000 08:01 1338452                    /usr/lib/jvm/java-11-openjdk-amd64/lib/modules
7f842c000000-7f842c136000 rw-p 00000000 00:00 0 
7f842c136000-7f8430000000 ---p 00000000 00:00 0 
7f84315ba000-7f8431b70000 rw-p 00000000 00:00 0 
7f8431b70000-7f8431b71000 ---p 00000000 00:00 0 
7f8431b71000-7f8431c71000 rw-p 00000000 00:00 0 
7f8431c71000-7f8431c72000 ---p 00000000 00:00 0 
7f8431c72000-7f8432a14000 rw-p 00000000 00:00 0 
7f8432a14000-7f8432a15000 ---p 00000000 00:00 0 
7f8432a15000-7f8432b1a000 rw-p 00000000 00:00 0 
7f8432b1a000-7f8432c00000 ---p 00000000 00:00 0 
7f8432c00000-7f8432c9a000 r--p 00000000 08:01 406087                     /usr/lib/x86_64-linux-gnu/libstdc++.so.6.0.30
7f8432c9a000-7f8432dab000 r-xp 0009a000 08:01 406087                     /usr/lib/x86_64-linux-gnu/libstdc++.so.6.0.30
7f8432dab000-7f8432e1a000 r--p 001ab000 08:01 406087                     /usr/lib/x86_64-linux-gnu/libstdc++.so.6.0.30
7f8432e1a000-7f8432e1b000 ---p 0021a000 08:01 406087                     /usr/lib/x86_64-linux-gnu/libstdc++.so.6.0.30
7f8432e1b000-7f8432e26000 r--p 0021a000 08:01 406087                     /usr/lib/x86_64-linux-gnu/libstdc++.so.6.0.30
7f8432e26000-7f8432e29000 rw-p 00225000 08:01 406087                     /usr/lib/x86_64-linux-gnu/libstdc++.so.6.0.30
7f8432e29000-7f8432e2c000 rw-p 00000000 00:00 0 
7f8432e98000-7f8432e9d000 rw-p 00000000 00:00 0 
7f8432e9d000-7f8432f83000 ---p 00000000 00:00 0 
7f8432f83000-7f8433000000 r--s 007f2000 08:01 1839214                    /home/wuyuechao/Desktop/github_resp/vcaslib/artifact/java/lib/scala-library.jar
7f8433000000-7f8433282000 r--p 00000000 08:01 1338457                    /usr/lib/jvm/java-11-openjdk-amd64/lib/server/libjvm.so
7f8433282000-7f8433f1f000 r-xp 00282000 08:01 1338457                    /usr/lib/jvm/java-11-openjdk-amd64/lib/server/libjvm.so
7f8433f1f000-7f843417a000 r--p 00f1f000 08:01 1338457                    /usr/lib/jvm/java-11-openjdk-amd64/lib/server/libjvm.so
7f843417a000-7f843417b000 ---p 0117a000 08:01 1338457                    /usr/lib/jvm/java-11-openjdk-amd64/lib/server/libjvm.so
7f843417b000-7f843423f000 r--p 0117a000 08:01 1338457                    /usr/lib/jvm/java-11-openjdk-amd64/lib/server/libjvm.so
7f843423f000-7f843427a000 rw-p 0123e000 08:01 1338457                    /usr/lib/jvm/java-11-openjdk-amd64/lib/server/libjvm.so
7f843427a000-7f84342d1000 rw-p 00000000 00:00 0 
7f84342e9000-7f84342ee000 rw-p 00000000 00:00 0 
7f84342ee000-7f84342f5000 ---p 00000000 00:00 0 
7f84342f5000-7f84342f7000 r--p 00000000 08:01 1338451                    /usr/lib/jvm/java-11-openjdk-amd64/lib/libzip.so
7f84342f7000-7f84342fc000 r-xp 00002000 08:01 1338451                    /usr/lib/jvm/java-11-openjdk-amd64/lib/libzip.so
7f84342fc000-7f84342fe000 r--p 00007000 08:01 1338451                    /usr/lib/jvm/java-11-openjdk-amd64/lib/libzip.so
7f84342fe000-7f84342ff000 r--p 00008000 08:01 1338451                    /usr/lib/jvm/java-11-openjdk-amd64/lib/libzip.so
7f84342ff000-7f8434300000 rw-p 00009000 08:01 1338451                    /usr/lib/jvm/java-11-openjdk-amd64/lib/libzip.so
7f8434300000-7f8434304000 ---p 00000000 00:00 0 
7f8434304000-7f8434400000 rw-p 00000000 00:00 0 
7f8434400000-7f8434428000 r--p 00000000 08:01 406821                     /usr/lib/x86_64-linux-gnu/libc.so.6
7f8434428000-7f84345bd000 r-xp 00028000 08:01 406821                     /usr/lib/x86_64-linux-gnu/libc.so.6
7f84345bd000-7f8434615000 r--p 001bd000 08:01 406821                     /usr/lib/x86_64-linux-gnu/libc.so.6
7f8434615000-7f8434616000 ---p 00215000 08:01 406821                     /usr/lib/x86_64-linux-gnu/libc.so.6
7f8434616000-7f843461a000 r--p 00215000 08:01 406821                     /usr/lib/x86_64-linux-gnu/libc.so.6
7f843461a000-7f843461c000 rw-p 00219000 08:01 406821                     /usr/lib/x86_64-linux-gnu/libc.so.6
7f843461c000-7f8434629000 rw-p 00000000 00:00 0 
7f8434633000-7f843463b000 rw-s 00000000 08:01 1313679                    /tmp/hsperfdata_wuyuechao/24709
7f843463b000-7f843463d000 r--p 00000000 08:01 1338434                    /usr/lib/jvm/java-11-openjdk-amd64/lib/libjimage.so
7f843463d000-7f8434640000 r-xp 00002000 08:01 1338434                    /usr/lib/jvm/java-11-openjdk-amd64/lib/libjimage.so
7f8434640000-7f8434641000 r--p 00005000 08:01 1338434                    /usr/lib/jvm/java-11-openjdk-amd64/lib/libjimage.so
7f8434641000-7f8434642000 ---p 00006000 08:01 1338434                    /usr/lib/jvm/java-11-openjdk-amd64/lib/libjimage.so
7f8434642000-7f8434643000 r--p 00006000 08:01 1338434                    /usr/lib/jvm/java-11-openjdk-amd64/lib/libjimage.so
7f8434643000-7f8434644000 rw-p 00007000 08:01 1338434                    /usr/lib/jvm/java-11-openjdk-amd64/lib/libjimage.so
7f8434644000-7f8434652000 r--p 00000000 08:01 1338431                    /usr/lib/jvm/java-11-openjdk-amd64/lib/libjava.so
7f8434652000-7f8434668000 r-xp 0000e000 08:01 1338431                    /usr/lib/jvm/java-11-openjdk-amd64/lib/libjava.so
7f8434668000-7f843466f000 r--p 00024000 08:01 1338431                    /usr/lib/jvm/java-11-openjdk-amd64/lib/libjava.so
7f843466f000-7f8434670000 r--p 0002a000 08:01 1338431                    /usr/lib/jvm/java-11-openjdk-amd64/lib/libjava.so
7f8434670000-7f8434671000 rw-p 0002b000 08:01 1338431                    /usr/lib/jvm/java-11-openjdk-amd64/lib/libjava.so
7f8434671000-7f8434672000 rw-p 00000000 00:00 0 
7f8434672000-7f8434673000 r--p 00000000 08:01 406835                     /usr/lib/x86_64-linux-gnu/librt.so.1
7f8434673000-7f8434674000 r-xp 00001000 08:01 406835                     /usr/lib/x86_64-linux-gnu/librt.so.1
7f8434674000-7f8434675000 r--p 00002000 08:01 406835                     /usr/lib/x86_64-linux-gnu/librt.so.1
7f8434675000-7f8434676000 r--p 00002000 08:01 406835                     /usr/lib/x86_64-linux-gnu/librt.so.1
7f8434676000-7f8434677000 rw-p 00003000 08:01 406835                     /usr/lib/x86_64-linux-gnu/librt.so.1
7f8434677000-7f843467a000 r--p 00000000 08:01 405686                     /usr/lib/x86_64-linux-gnu/libgcc_s.so.1
7f843467a000-7f8434691000 r-xp 00003000 08:01 405686                     /usr/lib/x86_64-linux-gnu/libgcc_s.so.1
7f8434691000-7f8434695000 r--p 0001a000 08:01 405686                     /usr/lib/x86_64-linux-gnu/libgcc_s.so.1
7f8434695000-7f8434696000 r--p 0001d000 08:01 405686                     /usr/lib/x86_64-linux-gnu/libgcc_s.so.1
7f8434696000-7f8434697000 rw-p 0001e000 08:01 405686                     /usr/lib/x86_64-linux-gnu/libgcc_s.so.1
7f8434697000-7f84346a5000 r--p 00000000 08:01 406824                     /usr/lib/x86_64-linux-gnu/libm.so.6
7f84346a5000-7f8434721000 r-xp 0000e000 08:01 406824                     /usr/lib/x86_64-linux-gnu/libm.so.6
7f8434721000-7f843477c000 r--p 0008a000 08:01 406824                     /usr/lib/x86_64-linux-gnu/libm.so.6
7f843477c000-7f843477d000 r--p 000e4000 08:01 406824                     /usr/lib/x86_64-linux-gnu/libm.so.6
7f843477d000-7f843477e000 rw-p 000e5000 08:01 406824                     /usr/lib/x86_64-linux-gnu/libm.so.6
7f843477e000-7f8434781000 rw-p 00000000 00:00 0 
7f8434781000-7f8434784000 r--p 00000000 08:01 1338416                    /usr/lib/jvm/java-11-openjdk-amd64/lib/jli/libjli.so
7f8434784000-7f843478e000 r-xp 00003000 08:01 1338416                    /usr/lib/jvm/java-11-openjdk-amd64/lib/jli/libjli.so
7f843478e000-7f8434791000 r--p 0000d000 08:01 1338416                    /usr/lib/jvm/java-11-openjdk-amd64/lib/jli/libjli.so
7f8434791000-7f8434792000 ---p 00010000 08:01 1338416                    /usr/lib/jvm/java-11-openjdk-amd64/lib/jli/libjli.so
7f8434792000-7f8434793000 r--p 00010000 08:01 1338416                    /usr/lib/jvm/java-11-openjdk-amd64/lib/jli/libjli.so
7f8434793000-7f8434794000 rw-p 00011000 08:01 1338416                    /usr/lib/jvm/java-11-openjdk-amd64/lib/jli/libjli.so
7f8434794000-7f8434796000 r--p 00000000 08:01 406225                     /usr/lib/x86_64-linux-gnu/libz.so.1.2.11
7f8434796000-7f84347a7000 r-xp 00002000 08:01 406225                     /usr/lib/x86_64-linux-gnu/libz.so.1.2.11
7f84347a7000-7f84347ad000 r--p 00013000 08:01 406225                     /usr/lib/x86_64-linux-gnu/libz.so.1.2.11
7f84347ad000-7f84347ae000 ---p 00019000 08:01 406225                     /usr/lib/x86_64-linux-gnu/libz.so.1.2.11
7f84347ae000-7f84347af000 r--p 00019000 08:01 406225                     /usr/lib/x86_64-linux-gnu/libz.so.1.2.11
7f84347af000-7f84347b0000 rw-p 0001a000 08:01 406225                     /usr/lib/x86_64-linux-gnu/libz.so.1.2.11
7f84347b1000-7f84347b6000 r--s 0002f000 08:01 1839213                    /home/wuyuechao/Desktop/github_resp/vcaslib/artifact/java/lib/deuceAgent.jar
7f84347b6000-7f84347b7000 ---p 00000000 00:00 0 
7f84347b7000-7f84347b8000 r--p 00000000 00:00 0 
7f84347b8000-7f84347bd000 r--p 00000000 08:01 1338450                    /usr/lib/jvm/java-11-openjdk-amd64/lib/libverify.so
7f84347bd000-7f84347c4000 r-xp 00005000 08:01 1338450                    /usr/lib/jvm/java-11-openjdk-amd64/lib/libverify.so
7f84347c4000-7f84347c6000 r--p 0000c000 08:01 1338450                    /usr/lib/jvm/java-11-openjdk-amd64/lib/libverify.so
7f84347c6000-7f84347c8000 r--p 0000d000 08:01 1338450                    /usr/lib/jvm/java-11-openjdk-amd64/lib/libverify.so
7f84347c8000-7f84347c9000 rw-p 0000f000 08:01 1338450                    /usr/lib/jvm/java-11-openjdk-amd64/lib/libverify.so
7f84347c9000-7f84347cb000 rw-p 00000000 00:00 0 
7f84347cb000-7f84347cd000 r--p 00000000 08:01 406797                     /usr/lib/x86_64-linux-gnu/ld-linux-x86-64.so.2
7f84347cd000-7f84347f7000 r-xp 00002000 08:01 406797                     /usr/lib/x86_64-linux-gnu/ld-linux-x86-64.so.2
7f84347f7000-7f8434802000 r--p 0002c000 08:01 406797                     /usr/lib/x86_64-linux-gnu/ld-linux-x86-64.so.2
7f8434803000-7f8434805000 r--p 00037000 08:01 406797                     /usr/lib/x86_64-linux-gnu/ld-linux-x86-64.so.2
7f8434805000-7f8434807000 rw-p 00039000 08:01 406797                     /usr/lib/x86_64-linux-gnu/ld-linux-x86-64.so.2
7ffce0fd0000-7ffce0ff1000 rw-p 00000000 00:00 0                          [stack]
7ffce0ffa000-7ffce0ffe000 r--p 00000000 00:00 0                          [vvar]
7ffce0ffe000-7ffce1000000 r-xp 00000000 00:00 0                          [vdso]
ffffffffff600000-ffffffffff601000 --xp 00000000 00:00 0                  [vsyscall]


VM Arguments:
jvm_args: -Xms300G -Xmx300G -Xbootclasspath/a:java/lib/scala-library.jar:java/lib/deuceAgent.jar 
java_command: java/build/experiments_instr.jar 72 10 5 BPBST -param-64 -ins50 -del50 -rq0 -rqsize8 -rqers36 -keys200000 -prefill -file-java/build/data-trials1.csv
java_class_path (initial): java/build/experiments_instr.jar
Launcher Type: SUN_STANDARD

[Global flags]
     intx CICompilerCount                          = 2                                         {product} {ergonomic}
     uint ConcGCThreads                            = 1                                         {product} {ergonomic}
     uint G1ConcRefinementThreads                  = 2                                         {product} {ergonomic}
   size_t G1HeapRegionSize                         = 33554432                                  {product} {ergonomic}
    uintx GCDrainStackTargetSize                   = 64                                        {product} {ergonomic}
   size_t InitialHeapSize                          = 322122547200                              {product} {command line}
   size_t MarkStackSize                            = 4194304                                   {product} {ergonomic}
   size_t MaxHeapSize                              = 322122547200                              {product} {command line}
   size_t MinHeapDeltaBytes                        = 33554432                                  {product} {ergonomic}
    uintx NonNMethodCodeHeapSize                   = 5825164                                {pd product} {ergonomic}
    uintx NonProfiledCodeHeapSize                  = 122916538                              {pd product} {ergonomic}
    uintx ProfiledCodeHeapSize                     = 122916538                              {pd product} {ergonomic}
    uintx ReservedCodeCacheSize                    = 251658240                              {pd product} {ergonomic}
     bool SegmentedCodeCache                       = true                                      {product} {ergonomic}
     bool UseG1GC                                  = true                                      {product} {ergonomic}

Logging:
Log output configuration:
 #0: stdout all=warning uptime,level,tags
 #1: stderr all=off uptime,level,tags

Environment Variables:
PATH=/usr/local/sbin:/usr/local/bin:/usr/sbin:/usr/bin:/sbin:/bin:/usr/games:/usr/local/games:/snap/bin
SHELL=/bin/bash
DISPLAY=:0
LANG=zh_CN.UTF-8
LC_NUMERIC=zh_CN.UTF-8
LC_TIME=zh_CN.UTF-8
TERM=xterm-256color

Signal Handlers:
SIGSEGV: [libjvm.so+0xead350], sa_mask[0]=11111111011111111101111111111110, sa_flags=SA_RESTART|SA_SIGINFO
SIGBUS: [libjvm.so+0xead350], sa_mask[0]=11111111011111111101111111111110, sa_flags=SA_RESTART|SA_SIGINFO
SIGFPE: [libjvm.so+0xead350], sa_mask[0]=11111111011111111101111111111110, sa_flags=SA_RESTART|SA_SIGINFO
SIGPIPE: [libjvm.so+0xbef750], sa_mask[0]=11111111011111111101111111111110, sa_flags=SA_RESTART|SA_SIGINFO
SIGXFSZ: [libjvm.so+0xbef750], sa_mask[0]=11111111011111111101111111111110, sa_flags=SA_RESTART|SA_SIGINFO
SIGILL: [libjvm.so+0xead350], sa_mask[0]=11111111011111111101111111111110, sa_flags=SA_RESTART|SA_SIGINFO
SIGUSR2: [libjvm.so+0xbef5f0], sa_mask[0]=00000000000000000000000000000000, sa_flags=SA_RESTART|SA_SIGINFO
SIGHUP: SIG_DFL, sa_mask[0]=00000000000000000000000000000000, sa_flags=none
SIGINT: SIG_DFL, sa_mask[0]=00000000000000000000000000000000, sa_flags=none
SIGTERM: SIG_DFL, sa_mask[0]=00000000000000000000000000000000, sa_flags=none
SIGQUIT: SIG_DFL, sa_mask[0]=00000000000000000000000000000000, sa_flags=none


---------------  S Y S T E M  ---------------

OS:DISTRIB_ID=Ubuntu
DISTRIB_RELEASE=22.04
DISTRIB_CODENAME=jammy
DISTRIB_DESCRIPTION="Ubuntu 22.04.3 LTS"
uname:Linux 6.5.0-17-generic #17~22.04.1-Ubuntu SMP PREEMPT_DYNAMIC Tue Jan 16 14:32:32 UTC 2 x86_64
OS uptime: 0 days 3:08 hours
libc:glibc 2.35 NPTL 2.35 
rlimit (soft/hard): STACK 8192k/infinity , CORE 0k/infinity , NPROC 7302/7302 , NOFILE 1048576/1048576 , AS infinity/infinity , CPU infinity/infinity , DATA infinity/infinity , FSIZE infinity/infinity , MEMLOCK 250748k/250748k
load average:0.30 0.75 1.04

/proc/meminfo:
MemTotal:        2006008 kB
MemFree:          463452 kB
MemAvailable:    1444136 kB
Buffers:           68444 kB
Cached:          1007136 kB
SwapCached:        27544 kB
Active:           589080 kB
Inactive:         743364 kB
Active(anon):     185988 kB
Inactive(anon):    81108 kB
Active(file):     403092 kB
Inactive(file):   662256 kB
Unevictable:           0 kB
Mlocked:               0 kB
SwapTotal:        524284 kB
SwapFree:         374464 kB
Zswap:                 0 kB
Zswapped:              0 kB
Dirty:               372 kB
Writeback:             0 kB
AnonPages:        246480 kB
Mapped:           204760 kB
Shmem:             10232 kB
KReclaimable:      92916 kB
Slab:             164520 kB
SReclaimable:      92916 kB
SUnreclaim:        71604 kB
KernelStack:        4568 kB
PageTables:        10420 kB
SecPageTables:         0 kB
NFS_Unstable:          0 kB
Bounce:                0 kB
WritebackTmp:          0 kB
CommitLimit:     1527288 kB
Committed_AS:    1964104 kB
VmallocTotal:   34359738367 kB
VmallocUsed:       23956 kB
VmallocChunk:          0 kB
Percpu:             1152 kB
HardwareCorrupted:     0 kB
AnonHugePages:         0 kB
ShmemHugePages:        0 kB
ShmemPmdMapped:        0 kB
FileHugePages:         0 kB
FilePmdMapped:         0 kB
Unaccepted:            0 kB
HugePages_Total:       0
HugePages_Free:        0
HugePages_Rsvd:        0
HugePages_Surp:        0
Hugepagesize:       2048 kB
Hugetlb:               0 kB
DirectMap4k:      163776 kB
DirectMap2M:     1933312 kB

/sys/kernel/mm/transparent_hugepage/enabled:
always [madvise] never
/sys/kernel/mm/transparent_hugepage/defrag (defrag/compaction efforts parameter):
always defer defer+madvise [madvise] never

Process Memory:
Virtual Size: 12404912K (peak: 327004632K)
Resident Set Size: 29568K (peak: 29568K) (anon: 15872K, file: 13696K, shmem: 0K)
Swapped out: 0K
C-Heap outstanding allocations: 18858K, retained: 441K
glibc malloc tunables: (default)

/proc/sys/kernel/threads-max (system-wide limit on the number of threads):
14604
/proc/sys/vm/max_map_count (maximum number of memory map areas a process may have):
65530
/proc/sys/kernel/pid_max (system-wide limit on number of process identifiers):
4194304

container (cgroup) information:
container_type: cgroupv2
cpu_cpuset_cpus: not supported
cpu_memory_nodes: not supported
active_processor_count: 2
cpu_quota: not supported
cpu_period: not supported
cpu_shares: not supported
memory_limit_in_bytes: unlimited
memory_and_swap_limit_in_bytes: unlimited
memory_soft_limit_in_bytes: unlimited
memory_usage_in_bytes: 483056 k
memory_max_usage_in_bytes: not supported
memory_swap_current_in_bytes: 100024 k
memory_swap_max_limit_in_bytes: unlimited
maximum number of tasks: unlimited
current number of tasks: 95

KVM virtualization detected
Steal ticks since vm start: 0
Steal ticks percentage since vm start:  0.000

CPU:total 2 (initial active 2) (2 cores per cpu, 1 threads per core) family 6 model 154 stepping 3 microcode 0x0, cmov, cx8, fxsr, mmx, sse, sse2, sse3, ssse3, sse4.1, sse4.2, popcnt, avx, avx2, aes, clmul, 3dnowpref, lzcnt, tsc, tscinvbit, bmi1, bmi2
CPU Model and flags from /proc/cpuinfo:
model name	: 12th Gen Intel(R) Core(TM) i7-12700H
flags		: fpu vme de pse tsc msr pae mce cx8 apic sep mtrr pge mca cmov pat pse36 clflush mmx fxsr sse sse2 ht syscall nx rdtscp lm constant_tsc rep_good nopl xtopology nonstop_tsc cpuid tsc_known_freq pni pclmulqdq ssse3 cx16 sse4_1 sse4_2 x2apic movbe popcnt aes xsave avx rdrand hypervisor lahf_lm abm 3dnowprefetch fsgsbase bmi1 avx2 bmi2 invpcid rdseed clflushopt md_clear flush_l1d arch_capabilities
Online cpus:
0-1
Offline cpus:

BIOS frequency limitation:
<Not Available>
Frequency switch latency (ns):
<Not Available>
Available cpu frequencies:
<Not Available>
Current governor:
<Not Available>
Core performance/turbo boost:
<Not Available>

Memory: 4k page, physical 2006008k(463452k free), swap 524284k(374464k free)

vm_info: OpenJDK 64-Bit Server VM (11.0.21+9-post-Ubuntu-0ubuntu122.04) for linux-amd64 JRE (11.0.21+9-post-Ubuntu-0ubuntu122.04), built on Oct 19 2023 08:41:03 by "unknown" with gcc 11.4.0

END.
