#
# There is insufficient memory for the Java Runtime Environment to continue.
# Native memory allocation (mmap) failed to map 322122547200 bytes for committing reserved memory.
# Possible reasons:
#   The system is out of physical RAM or swap space
# Possible solutions:
#   Reduce memory load on the system
#   Increase physical memory or swap space
#   Check if swap backing store is full
#   Decrease Java heap size (-Xmx/-Xms)
#   Decrease number of Java threads
#   Decrease Java thread stack sizes (-Xss)
#   Set larger code cache with -XX:ReservedCodeCacheSize=
# This output file may be truncated or incomplete.
#
#  Out of Memory Error (os_linux.cpp:3233), pid=24637, tid=24638
#
# JRE version:  (11.0.21+9) (build )
# Java VM: OpenJDK 64-Bit Server VM (11.0.21+9-post-Ubuntu-0ubuntu122.04, mixed mode, tiered, g1 gc, linux-amd64)
# Core dump will be written. Default location: Core dumps may be processed with "/usr/share/apport/apport -p%p -s%s -c%c -d%d -P%P -u%u -g%g -- %E" (or dumping to /home/wuyuechao/Desktop/github_resp/vcaslib/artifact/core.24637)
#

---------------  S U M M A R Y ------------

Command Line: -Xms300G -Xmx300G -Xbootclasspath/a:java/lib/scala-library.jar:java/lib/deuceAgent.jar java/build/experiments_instr.jar 1 10 5 BPBST -param-64 -ins3 -del2 -rq0 -rqsize0 -rqers0 -keys166666 -prefill -file-java/build/data-trials1.csv

Host: 12th Gen Intel(R) Core(TM) i7-12700H, 2 cores, 1G, Ubuntu 22.04.3 LTS
Time: Sun Feb 18 11:40:54 2024 CST elapsed time: 0.006323 seconds (0d 0h 0m 0s)

---------------  T H R E A D  ---------------

Current thread (0x00007f7388015000):  JavaThread "Unknown thread" [_thread_in_vm, id=24638, stack(0x00007f738f700000,0x00007f738f800000)]

Stack: [0x00007f738f700000,0x00007f738f800000],  sp=0x00007f738f7fe130,  free space=1016k
Native frames: (J=compiled Java code, A=aot compiled Java code, j=interpreted, Vv=VM code, C=native code)
V  [libjvm.so+0xeac54a]  VMError::report_and_die(int, char const*, char const*, __va_list_tag*, Thread*, unsigned char*, void*, void*, char const*, int, unsigned long)+0x19a
V  [libjvm.so+0xead2f1]  VMError::report_and_die(Thread*, char const*, int, unsigned long, VMErrorType, char const*, __va_list_tag*)+0x31
V  [libjvm.so+0x67ec4a]  report_vm_out_of_memory(char const*, int, unsigned long, VMErrorType, char const*, ...)+0xca
V  [libjvm.so+0xbf4be3]  os::pd_commit_memory_or_exit(char*, unsigned long, unsigned long, bool, char const*)+0xf3
V  [libjvm.so+0xbed831]  os::commit_memory_or_exit(char*, unsigned long, unsigned long, bool, char const*)+0x21
V  [libjvm.so+0x799105]  G1PageBasedVirtualSpace::commit_preferred_pages(unsigned long, unsigned long)+0x65
V  [libjvm.so+0x7994e8]  G1PageBasedVirtualSpace::commit(unsigned long, unsigned long)+0x1a8
V  [libjvm.so+0x7a4887]  G1RegionsLargerThanCommitSizeMapper::commit_regions(unsigned int, unsigned long, WorkGang*)+0x47
V  [libjvm.so+0x829d18]  HeapRegionManager::commit_regions(unsigned int, unsigned long, WorkGang*)+0x58
V  [libjvm.so+0x82a968]  HeapRegionManager::make_regions_available(unsigned int, unsigned int, WorkGang*)+0x38
V  [libjvm.so+0x82afb1]  HeapRegionManager::expand_by(unsigned int, WorkGang*)+0x71
V  [libjvm.so+0x752e0f]  G1CollectedHeap::expand(unsigned long, WorkGang*, double*)+0xdf
V  [libjvm.so+0x7534ed]  G1CollectedHeap::initialize()+0x66d
V  [libjvm.so+0xe67ef6]  Universe::initialize_heap()+0x36
V  [libjvm.so+0xe681aa]  universe_init()+0x4a
V  [libjvm.so+0x849eac]  init_globals()+0x5c
V  [libjvm.so+0xe3f752]  Threads::create_vm(JavaVMInitArgs*, bool*)+0x4b2
V  [libjvm.so+0x8f4005]  JNI_CreateJavaVM+0x55
C  [libjli.so+0x4d11]  JavaMain+0x91
C  [libjli.so+0x998d]  ThreadJavaMain+0xd


---------------  P R O C E S S  ---------------

Threads class SMR info:
_java_thread_list=0x000055ccf22b7d60, length=0, elements={
}

Java Threads: ( => current thread )

Other Threads:
  0x00007f7388047800 GCTaskThread "GC Thread#0" [stack: 0x00007f738de15000,0x00007f738df15000] [id=24639]
  0x00007f738811f000 ConcurrentGCThread "G1 Main Marker" [stack: 0x00007f738d072000,0x00007f738d172000] [id=24640]
  0x00007f7388121000 ConcurrentGCThread "G1 Conc#0" [stack: 0x00007f738cf71000,0x00007f738d071000] [id=24641]

[error occurred during error reporting (printing all threads), id 0xb, SIGSEGV (0xb) at pc=0x00007f738eb70f54]

VM state:not at safepoint (not fully initialized)

VM Mutex/Monitor currently owned by a thread:  ([mutex/lock_event])
[0x00007f7388013b70] Heap_lock - owner thread: 0x00007f7388015000

GC Heap History (0 events):
No events

Deoptimization events (0 events):
No events

Classes redefined (0 events):
No events

Internal exceptions (0 events):
No events

Events (2 events):
Event: 0.001 Protecting memory [0x00007f738f700000,0x00007f738f704000] with protection modes 0
Event: 0.001 Loaded shared library /usr/lib/jvm/java-11-openjdk-amd64/lib/libzip.so


Dynamic libraries:
55ccf0440000-55ccf0441000 r--p 00000000 08:01 1338293                    /usr/lib/jvm/java-11-openjdk-amd64/bin/java
55ccf0441000-55ccf0442000 r-xp 00001000 08:01 1338293                    /usr/lib/jvm/java-11-openjdk-amd64/bin/java
55ccf0442000-55ccf0443000 r--p 00002000 08:01 1338293                    /usr/lib/jvm/java-11-openjdk-amd64/bin/java
55ccf0443000-55ccf0444000 r--p 00002000 08:01 1338293                    /usr/lib/jvm/java-11-openjdk-amd64/bin/java
55ccf0444000-55ccf0445000 rw-p 00003000 08:01 1338293                    /usr/lib/jvm/java-11-openjdk-amd64/bin/java
55ccf229f000-55ccf22c0000 rw-p 00000000 00:00 0                          [heap]
7f2594000000-7f2594021000 rw-p 00000000 00:00 0 
7f2594021000-7f2598000000 ---p 00000000 00:00 0 
7f259c000000-7f259c021000 rw-p 00000000 00:00 0 
7f259c021000-7f25a0000000 ---p 00000000 00:00 0 
7f25a1800000-7f25a3800000 rw-p 00000000 00:00 0 
7f25a3800000-7f286c000000 ---p 00000000 00:00 0 
7f736c000000-7f736c021000 rw-p 00000000 00:00 0 
7f736c021000-7f7370000000 ---p 00000000 00:00 0 
7f7370600000-7f7370870000 rwxp 00000000 00:00 0 
7f7370870000-7f7370b8f000 ---p 00000000 00:00 0 
7f7370b8f000-7f7370dff000 rwxp 00000000 00:00 0 
7f7370dff000-7f73780c7000 ---p 00000000 00:00 0 
7f73780c7000-7f7378337000 rwxp 00000000 00:00 0 
7f7378337000-7f737f600000 ---p 00000000 00:00 0 
7f737f600000-7f7387e22000 r--s 00000000 08:01 1338452                    /usr/lib/jvm/java-11-openjdk-amd64/lib/modules
7f7388000000-7f7388136000 rw-p 00000000 00:00 0 
7f7388136000-7f738c000000 ---p 00000000 00:00 0 
7f738c9ba000-7f738cf70000 rw-p 00000000 00:00 0 
7f738cf70000-7f738cf71000 ---p 00000000 00:00 0 
7f738cf71000-7f738d071000 rw-p 00000000 00:00 0 
7f738d071000-7f738d072000 ---p 00000000 00:00 0 
7f738d072000-7f738de14000 rw-p 00000000 00:00 0 
7f738de14000-7f738de15000 ---p 00000000 00:00 0 
7f738de15000-7f738df1a000 rw-p 00000000 00:00 0 
7f738df1a000-7f738e000000 ---p 00000000 00:00 0 
7f738e000000-7f738e09a000 r--p 00000000 08:01 406087                     /usr/lib/x86_64-linux-gnu/libstdc++.so.6.0.30
7f738e09a000-7f738e1ab000 r-xp 0009a000 08:01 406087                     /usr/lib/x86_64-linux-gnu/libstdc++.so.6.0.30
7f738e1ab000-7f738e21a000 r--p 001ab000 08:01 406087                     /usr/lib/x86_64-linux-gnu/libstdc++.so.6.0.30
7f738e21a000-7f738e21b000 ---p 0021a000 08:01 406087                     /usr/lib/x86_64-linux-gnu/libstdc++.so.6.0.30
7f738e21b000-7f738e226000 r--p 0021a000 08:01 406087                     /usr/lib/x86_64-linux-gnu/libstdc++.so.6.0.30
7f738e226000-7f738e229000 rw-p 00225000 08:01 406087                     /usr/lib/x86_64-linux-gnu/libstdc++.so.6.0.30
7f738e229000-7f738e22c000 rw-p 00000000 00:00 0 
7f738e298000-7f738e29d000 rw-p 00000000 00:00 0 
7f738e29d000-7f738e383000 ---p 00000000 00:00 0 
7f738e383000-7f738e400000 r--s 007f2000 08:01 1839214                    /home/wuyuechao/Desktop/github_resp/vcaslib/artifact/java/lib/scala-library.jar
7f738e400000-7f738e682000 r--p 00000000 08:01 1338457                    /usr/lib/jvm/java-11-openjdk-amd64/lib/server/libjvm.so
7f738e682000-7f738f31f000 r-xp 00282000 08:01 1338457                    /usr/lib/jvm/java-11-openjdk-amd64/lib/server/libjvm.so
7f738f31f000-7f738f57a000 r--p 00f1f000 08:01 1338457                    /usr/lib/jvm/java-11-openjdk-amd64/lib/server/libjvm.so
7f738f57a000-7f738f57b000 ---p 0117a000 08:01 1338457                    /usr/lib/jvm/java-11-openjdk-amd64/lib/server/libjvm.so
7f738f57b000-7f738f63f000 r--p 0117a000 08:01 1338457                    /usr/lib/jvm/java-11-openjdk-amd64/lib/server/libjvm.so
7f738f63f000-7f738f67a000 rw-p 0123e000 08:01 1338457                    /usr/lib/jvm/java-11-openjdk-amd64/lib/server/libjvm.so
7f738f67a000-7f738f6d1000 rw-p 00000000 00:00 0 
7f738f700000-7f738f704000 ---p 00000000 00:00 0 
7f738f704000-7f738f800000 rw-p 00000000 00:00 0 
7f738f800000-7f738f828000 r--p 00000000 08:01 406821                     /usr/lib/x86_64-linux-gnu/libc.so.6
7f738f828000-7f738f9bd000 r-xp 00028000 08:01 406821                     /usr/lib/x86_64-linux-gnu/libc.so.6
7f738f9bd000-7f738fa15000 r--p 001bd000 08:01 406821                     /usr/lib/x86_64-linux-gnu/libc.so.6
7f738fa15000-7f738fa16000 ---p 00215000 08:01 406821                     /usr/lib/x86_64-linux-gnu/libc.so.6
7f738fa16000-7f738fa1a000 r--p 00215000 08:01 406821                     /usr/lib/x86_64-linux-gnu/libc.so.6
7f738fa1a000-7f738fa1c000 rw-p 00219000 08:01 406821                     /usr/lib/x86_64-linux-gnu/libc.so.6
7f738fa1c000-7f738fa29000 rw-p 00000000 00:00 0 
7f738fa3c000-7f738fa41000 rw-p 00000000 00:00 0 
7f738fa41000-7f738fa48000 ---p 00000000 00:00 0 
7f738fa48000-7f738fa4a000 r--p 00000000 08:01 1338451                    /usr/lib/jvm/java-11-openjdk-amd64/lib/libzip.so
7f738fa4a000-7f738fa4f000 r-xp 00002000 08:01 1338451                    /usr/lib/jvm/java-11-openjdk-amd64/lib/libzip.so
7f738fa4f000-7f738fa51000 r--p 00007000 08:01 1338451                    /usr/lib/jvm/java-11-openjdk-amd64/lib/libzip.so
7f738fa51000-7f738fa52000 r--p 00008000 08:01 1338451                    /usr/lib/jvm/java-11-openjdk-amd64/lib/libzip.so
7f738fa52000-7f738fa53000 rw-p 00009000 08:01 1338451                    /usr/lib/jvm/java-11-openjdk-amd64/lib/libzip.so
7f738fa53000-7f738fa5b000 rw-s 00000000 08:01 1313679                    /tmp/hsperfdata_wuyuechao/24637
7f738fa5b000-7f738fa5d000 r--p 00000000 08:01 1338434                    /usr/lib/jvm/java-11-openjdk-amd64/lib/libjimage.so
7f738fa5d000-7f738fa60000 r-xp 00002000 08:01 1338434                    /usr/lib/jvm/java-11-openjdk-amd64/lib/libjimage.so
7f738fa60000-7f738fa61000 r--p 00005000 08:01 1338434                    /usr/lib/jvm/java-11-openjdk-amd64/lib/libjimage.so
7f738fa61000-7f738fa62000 ---p 00006000 08:01 1338434                    /usr/lib/jvm/java-11-openjdk-amd64/lib/libjimage.so
7f738fa62000-7f738fa63000 r--p 00006000 08:01 1338434                    /usr/lib/jvm/java-11-openjdk-amd64/lib/libjimage.so
7f738fa63000-7f738fa64000 rw-p 00007000 08:01 1338434                    /usr/lib/jvm/java-11-openjdk-amd64/lib/libjimage.so
7f738fa64000-7f738fa72000 r--p 00000000 08:01 1338431                    /usr/lib/jvm/java-11-openjdk-amd64/lib/libjava.so
7f738fa72000-7f738fa88000 r-xp 0000e000 08:01 1338431                    /usr/lib/jvm/java-11-openjdk-amd64/lib/libjava.so
7f738fa88000-7f738fa8f000 r--p 00024000 08:01 1338431                    /usr/lib/jvm/java-11-openjdk-amd64/lib/libjava.so
7f738fa8f000-7f738fa90000 r--p 0002a000 08:01 1338431                    /usr/lib/jvm/java-11-openjdk-amd64/lib/libjava.so
7f738fa90000-7f738fa91000 rw-p 0002b000 08:01 1338431                    /usr/lib/jvm/java-11-openjdk-amd64/lib/libjava.so
7f738fa91000-7f738fa92000 rw-p 00000000 00:00 0 
7f738fa92000-7f738fa93000 r--p 00000000 08:01 406835                     /usr/lib/x86_64-linux-gnu/librt.so.1
7f738fa93000-7f738fa94000 r-xp 00001000 08:01 406835                     /usr/lib/x86_64-linux-gnu/librt.so.1
7f738fa94000-7f738fa95000 r--p 00002000 08:01 406835                     /usr/lib/x86_64-linux-gnu/librt.so.1
7f738fa95000-7f738fa96000 r--p 00002000 08:01 406835                     /usr/lib/x86_64-linux-gnu/librt.so.1
7f738fa96000-7f738fa97000 rw-p 00003000 08:01 406835                     /usr/lib/x86_64-linux-gnu/librt.so.1
7f738fa97000-7f738fa9a000 r--p 00000000 08:01 405686                     /usr/lib/x86_64-linux-gnu/libgcc_s.so.1
7f738fa9a000-7f738fab1000 r-xp 00003000 08:01 405686                     /usr/lib/x86_64-linux-gnu/libgcc_s.so.1
7f738fab1000-7f738fab5000 r--p 0001a000 08:01 405686                     /usr/lib/x86_64-linux-gnu/libgcc_s.so.1
7f738fab5000-7f738fab6000 r--p 0001d000 08:01 405686                     /usr/lib/x86_64-linux-gnu/libgcc_s.so.1
7f738fab6000-7f738fab7000 rw-p 0001e000 08:01 405686                     /usr/lib/x86_64-linux-gnu/libgcc_s.so.1
7f738fab7000-7f738fac5000 r--p 00000000 08:01 406824                     /usr/lib/x86_64-linux-gnu/libm.so.6
7f738fac5000-7f738fb41000 r-xp 0000e000 08:01 406824                     /usr/lib/x86_64-linux-gnu/libm.so.6
7f738fb41000-7f738fb9c000 r--p 0008a000 08:01 406824                     /usr/lib/x86_64-linux-gnu/libm.so.6
7f738fb9c000-7f738fb9d000 r--p 000e4000 08:01 406824                     /usr/lib/x86_64-linux-gnu/libm.so.6
7f738fb9d000-7f738fb9e000 rw-p 000e5000 08:01 406824                     /usr/lib/x86_64-linux-gnu/libm.so.6
7f738fb9e000-7f738fba1000 rw-p 00000000 00:00 0 
7f738fba1000-7f738fba4000 r--p 00000000 08:01 1338416                    /usr/lib/jvm/java-11-openjdk-amd64/lib/jli/libjli.so
7f738fba4000-7f738fbae000 r-xp 00003000 08:01 1338416                    /usr/lib/jvm/java-11-openjdk-amd64/lib/jli/libjli.so
7f738fbae000-7f738fbb1000 r--p 0000d000 08:01 1338416                    /usr/lib/jvm/java-11-openjdk-amd64/lib/jli/libjli.so
7f738fbb1000-7f738fbb2000 ---p 00010000 08:01 1338416                    /usr/lib/jvm/java-11-openjdk-amd64/lib/jli/libjli.so
7f738fbb2000-7f738fbb3000 r--p 00010000 08:01 1338416                    /usr/lib/jvm/java-11-openjdk-amd64/lib/jli/libjli.so
7f738fbb3000-7f738fbb4000 rw-p 00011000 08:01 1338416                    /usr/lib/jvm/java-11-openjdk-amd64/lib/jli/libjli.so
7f738fbb4000-7f738fbb6000 r--p 00000000 08:01 406225                     /usr/lib/x86_64-linux-gnu/libz.so.1.2.11
7f738fbb6000-7f738fbc7000 r-xp 00002000 08:01 406225                     /usr/lib/x86_64-linux-gnu/libz.so.1.2.11
7f738fbc7000-7f738fbcd000 r--p 00013000 08:01 406225                     /usr/lib/x86_64-linux-gnu/libz.so.1.2.11
7f738fbcd000-7f738fbce000 ---p 00019000 08:01 406225                     /usr/lib/x86_64-linux-gnu/libz.so.1.2.11
7f738fbce000-7f738fbcf000 r--p 00019000 08:01 406225                     /usr/lib/x86_64-linux-gnu/libz.so.1.2.11
7f738fbcf000-7f738fbd0000 rw-p 0001a000 08:01 406225                     /usr/lib/x86_64-linux-gnu/libz.so.1.2.11
7f738fbd1000-7f738fbd6000 r--s 0002f000 08:01 1839213                    /home/wuyuechao/Desktop/github_resp/vcaslib/artifact/java/lib/deuceAgent.jar
7f738fbd6000-7f738fbd7000 ---p 00000000 00:00 0 
7f738fbd7000-7f738fbd8000 r--p 00000000 00:00 0 
7f738fbd8000-7f738fbdd000 r--p 00000000 08:01 1338450                    /usr/lib/jvm/java-11-openjdk-amd64/lib/libverify.so
7f738fbdd000-7f738fbe4000 r-xp 00005000 08:01 1338450                    /usr/lib/jvm/java-11-openjdk-amd64/lib/libverify.so
7f738fbe4000-7f738fbe6000 r--p 0000c000 08:01 1338450                    /usr/lib/jvm/java-11-openjdk-amd64/lib/libverify.so
7f738fbe6000-7f738fbe8000 r--p 0000d000 08:01 1338450                    /usr/lib/jvm/java-11-openjdk-amd64/lib/libverify.so
7f738fbe8000-7f738fbe9000 rw-p 0000f000 08:01 1338450                    /usr/lib/jvm/java-11-openjdk-amd64/lib/libverify.so
7f738fbe9000-7f738fbeb000 rw-p 00000000 00:00 0 
7f738fbeb000-7f738fbed000 r--p 00000000 08:01 406797                     /usr/lib/x86_64-linux-gnu/ld-linux-x86-64.so.2
7f738fbed000-7f738fc17000 r-xp 00002000 08:01 406797                     /usr/lib/x86_64-linux-gnu/ld-linux-x86-64.so.2
7f738fc17000-7f738fc22000 r--p 0002c000 08:01 406797                     /usr/lib/x86_64-linux-gnu/ld-linux-x86-64.so.2
7f738fc23000-7f738fc25000 r--p 00037000 08:01 406797                     /usr/lib/x86_64-linux-gnu/ld-linux-x86-64.so.2
7f738fc25000-7f738fc27000 rw-p 00039000 08:01 406797                     /usr/lib/x86_64-linux-gnu/ld-linux-x86-64.so.2
7fff58fe7000-7fff59008000 rw-p 00000000 00:00 0                          [stack]
7fff5901a000-7fff5901e000 r--p 00000000 00:00 0                          [vvar]
7fff5901e000-7fff59020000 r-xp 00000000 00:00 0                          [vdso]
ffffffffff600000-ffffffffff601000 --xp 00000000 00:00 0                  [vsyscall]


VM Arguments:
jvm_args: -Xms300G -Xmx300G -Xbootclasspath/a:java/lib/scala-library.jar:java/lib/deuceAgent.jar 
java_command: java/build/experiments_instr.jar 1 10 5 BPBST -param-64 -ins3 -del2 -rq0 -rqsize0 -rqers0 -keys166666 -prefill -file-java/build/data-trials1.csv
java_class_path (initial): java/build/experiments_instr.jar
Launcher Type: SUN_STANDARD

[Global flags]
     intx CICompilerCount                          = 2                                         {product} {ergonomic}
     uint ConcGCThreads                            = 1                                         {product} {ergonomic}
     uint G1ConcRefinementThreads                  = 2                                         {product} {ergonomic}
   size_t G1HeapRegionSize                         = 33554432                                  {product} {ergonomic}
    uintx GCDrainStackTargetSize                   = 64                                        {product} {ergonomic}
   size_t InitialHeapSize                          = 322122547200                              {product} {command line}
   size_t MarkStackSize                            = 4194304                                   {product} {ergonomic}
   size_t MaxHeapSize                              = 322122547200                              {product} {command line}
   size_t MinHeapDeltaBytes                        = 33554432                                  {product} {ergonomic}
    uintx NonNMethodCodeHeapSize                   = 5825164                                {pd product} {ergonomic}
    uintx NonProfiledCodeHeapSize                  = 122916538                              {pd product} {ergonomic}
    uintx ProfiledCodeHeapSize                     = 122916538                              {pd product} {ergonomic}
    uintx ReservedCodeCacheSize                    = 251658240                              {pd product} {ergonomic}
     bool SegmentedCodeCache                       = true                                      {product} {ergonomic}
     bool UseG1GC                                  = true                                      {product} {ergonomic}

Logging:
Log output configuration:
 #0: stdout all=warning uptime,level,tags
 #1: stderr all=off uptime,level,tags

Environment Variables:
PATH=/usr/local/sbin:/usr/local/bin:/usr/sbin:/usr/bin:/sbin:/bin:/usr/games:/usr/local/games:/snap/bin
SHELL=/bin/bash
DISPLAY=:0
LANG=zh_CN.UTF-8
LC_NUMERIC=zh_CN.UTF-8
LC_TIME=zh_CN.UTF-8
TERM=xterm-256color

Signal Handlers:
SIGSEGV: [libjvm.so+0xead350], sa_mask[0]=11111111011111111101111111111110, sa_flags=SA_RESTART|SA_SIGINFO
SIGBUS: [libjvm.so+0xead350], sa_mask[0]=11111111011111111101111111111110, sa_flags=SA_RESTART|SA_SIGINFO
SIGFPE: [libjvm.so+0xead350], sa_mask[0]=11111111011111111101111111111110, sa_flags=SA_RESTART|SA_SIGINFO
SIGPIPE: [libjvm.so+0xbef750], sa_mask[0]=11111111011111111101111111111110, sa_flags=SA_RESTART|SA_SIGINFO
SIGXFSZ: [libjvm.so+0xbef750], sa_mask[0]=11111111011111111101111111111110, sa_flags=SA_RESTART|SA_SIGINFO
SIGILL: [libjvm.so+0xead350], sa_mask[0]=11111111011111111101111111111110, sa_flags=SA_RESTART|SA_SIGINFO
SIGUSR2: [libjvm.so+0xbef5f0], sa_mask[0]=00000000000000000000000000000000, sa_flags=SA_RESTART|SA_SIGINFO
SIGHUP: SIG_DFL, sa_mask[0]=00000000000000000000000000000000, sa_flags=none
SIGINT: SIG_DFL, sa_mask[0]=00000000000000000000000000000000, sa_flags=none
SIGTERM: SIG_DFL, sa_mask[0]=00000000000000000000000000000000, sa_flags=none
SIGQUIT: SIG_DFL, sa_mask[0]=00000000000000000000000000000000, sa_flags=none


---------------  S Y S T E M  ---------------

OS:DISTRIB_ID=Ubuntu
DISTRIB_RELEASE=22.04
DISTRIB_CODENAME=jammy
DISTRIB_DESCRIPTION="Ubuntu 22.04.3 LTS"
uname:Linux 6.5.0-17-generic #17~22.04.1-Ubuntu SMP PREEMPT_DYNAMIC Tue Jan 16 14:32:32 UTC 2 x86_64
OS uptime: 0 days 3:08 hours
libc:glibc 2.35 NPTL 2.35 
rlimit (soft/hard): STACK 8192k/infinity , CORE 0k/infinity , NPROC 7302/7302 , NOFILE 1048576/1048576 , AS infinity/infinity , CPU infinity/infinity , DATA infinity/infinity , FSIZE infinity/infinity , MEMLOCK 250748k/250748k
load average:0.30 0.75 1.04

/proc/meminfo:
MemTotal:        2006008 kB
MemFree:          460964 kB
MemAvailable:    1441428 kB
Buffers:           68444 kB
Cached:          1006920 kB
SwapCached:        27544 kB
Active:           588916 kB
Inactive:         743140 kB
Active(anon):     185824 kB
Inactive(anon):    81100 kB
Active(file):     403092 kB
Inactive(file):   662040 kB
Unevictable:           0 kB
Mlocked:               0 kB
SwapTotal:        524284 kB
SwapFree:         374464 kB
Zswap:                 0 kB
Zswapped:              0 kB
Dirty:               124 kB
Writeback:             0 kB
AnonPages:        246344 kB
Mapped:           204808 kB
Shmem:             10232 kB
KReclaimable:      92912 kB
Slab:             164508 kB
SReclaimable:      92912 kB
SUnreclaim:        71596 kB
KernelStack:        4568 kB
PageTables:        10344 kB
SecPageTables:         0 kB
NFS_Unstable:          0 kB
Bounce:                0 kB
WritebackTmp:          0 kB
CommitLimit:     1527288 kB
Committed_AS:    1963832 kB
VmallocTotal:   34359738367 kB
VmallocUsed:       23940 kB
VmallocChunk:          0 kB
Percpu:             1152 kB
HardwareCorrupted:     0 kB
AnonHugePages:         0 kB
ShmemHugePages:        0 kB
ShmemPmdMapped:        0 kB
FileHugePages:         0 kB
FilePmdMapped:         0 kB
Unaccepted:            0 kB
HugePages_Total:       0
HugePages_Free:        0
HugePages_Rsvd:        0
HugePages_Surp:        0
Hugepagesize:       2048 kB
Hugetlb:               0 kB
DirectMap4k:      163776 kB
DirectMap2M:     1933312 kB

/sys/kernel/mm/transparent_hugepage/enabled:
always [madvise] never
/sys/kernel/mm/transparent_hugepage/defrag (defrag/compaction efforts parameter):
always defer defer+madvise [madvise] never

Process Memory:
Virtual Size: 12404912K (peak: 327004632K)
Resident Set Size: 29568K (peak: 29568K) (anon: 15872K, file: 13696K, shmem: 0K)
Swapped out: 0K
C-Heap outstanding allocations: 18858K, retained: 441K
glibc malloc tunables: (default)

/proc/sys/kernel/threads-max (system-wide limit on the number of threads):
14604
/proc/sys/vm/max_map_count (maximum number of memory map areas a process may have):
65530
/proc/sys/kernel/pid_max (system-wide limit on number of process identifiers):
4194304

container (cgroup) information:
container_type: cgroupv2
cpu_cpuset_cpus: not supported
cpu_memory_nodes: not supported
active_processor_count: 2
cpu_quota: not supported
cpu_period: not supported
cpu_shares: not supported
memory_limit_in_bytes: unlimited
memory_and_swap_limit_in_bytes: unlimited
memory_soft_limit_in_bytes: unlimited
memory_usage_in_bytes: 482548 k
memory_max_usage_in_bytes: not supported
memory_swap_current_in_bytes: 100024 k
memory_swap_max_limit_in_bytes: unlimited
maximum number of tasks: unlimited
current number of tasks: 95

KVM virtualization detected
Steal ticks since vm start: 0
Steal ticks percentage since vm start:  0.000

CPU:total 2 (initial active 2) (2 cores per cpu, 1 threads per core) family 6 model 154 stepping 3 microcode 0x0, cmov, cx8, fxsr, mmx, sse, sse2, sse3, ssse3, sse4.1, sse4.2, popcnt, avx, avx2, aes, clmul, 3dnowpref, lzcnt, tsc, tscinvbit, bmi1, bmi2
CPU Model and flags from /proc/cpuinfo:
model name	: 12th Gen Intel(R) Core(TM) i7-12700H
flags		: fpu vme de pse tsc msr pae mce cx8 apic sep mtrr pge mca cmov pat pse36 clflush mmx fxsr sse sse2 ht syscall nx rdtscp lm constant_tsc rep_good nopl xtopology nonstop_tsc cpuid tsc_known_freq pni pclmulqdq ssse3 cx16 sse4_1 sse4_2 x2apic movbe popcnt aes xsave avx rdrand hypervisor lahf_lm abm 3dnowprefetch fsgsbase bmi1 avx2 bmi2 invpcid rdseed clflushopt md_clear flush_l1d arch_capabilities
Online cpus:
0-1
Offline cpus:

BIOS frequency limitation:
<Not Available>
Frequency switch latency (ns):
<Not Available>
Available cpu frequencies:
<Not Available>
Current governor:
<Not Available>
Core performance/turbo boost:
<Not Available>

Memory: 4k page, physical 2006008k(460964k free), swap 524284k(374464k free)

vm_info: OpenJDK 64-Bit Server VM (11.0.21+9-post-Ubuntu-0ubuntu122.04) for linux-amd64 JRE (11.0.21+9-post-Ubuntu-0ubuntu122.04), built on Oct 19 2023 08:41:03 by "unknown" with gcc 11.4.0

END.
